

Microchip MPLAB XC8 Assembler V3.10 build 20250813170317 
                                                                                               Sat Jun 13 00:07:26 2026

Microchip MPLAB XC8 C Compiler v3.10 (Free license) build 20250813170317 Og1 
     1                           	processor	16F628A
     2                           	pagewidth 120
     3                           	opt	flic
     4                           	psect	idataCOMMON,global,class=CODE,space=0,delta=2,noexec
     5                           	psect	cinit,global,class=CODE,space=0,merge=1,delta=2
     6                           	psect	bssCOMMON,global,class=COMMON,space=1,delta=1,noexec
     7                           	psect	dataCOMMON,global,class=COMMON,space=1,delta=1,noexec
     8                           	psect	cstackCOMMON,global,class=COMMON,space=1,delta=1,noexec
     9                           	psect	maintext,global,class=CODE,space=0,split=1,delta=2
    10                           	psect	text1,local,class=CODE,space=0,merge=1,delta=2
    11                           	psect	text2,local,class=CODE,space=0,merge=1,delta=2
    12                           	psect	text3,local,class=CODE,space=0,merge=1,delta=2
    13                           	psect	intentry,global,class=CODE,space=0,delta=2
    14                           	psect	config,global,abs,ovrld,class=CONFIG,space=4,delta=2,noexec
    15                           	dabs	1,0x7E,2
    16     0000                     
    17                           ; Generated 12/10/2023 GMT
    18                           ; 
    19                           ; Copyright © 2023, Microchip Technology Inc. and its subsidiaries ("Microchip")
    20                           ; All rights reserved.
    21                           ; 
    22                           ; This software is developed by Microchip Technology Inc. and its subsidiaries ("Microch
      +                          ip").
    23                           ; 
    24                           ; Redistribution and use in source and binary forms, with or without modification, are
    25                           ; permitted provided that the following conditions are met:
    26                           ; 
    27                           ;     1. Redistributions of source code must retain the above copyright notice, this lis
      +                          t of
    28                           ;        conditions and the following disclaimer.
    29                           ; 
    30                           ;     2. Redistributions in binary form must reproduce the above copyright notice, this 
      +                          list
    31                           ;        of conditions and the following disclaimer in the documentation and/or other
    32                           ;        materials provided with the distribution. Publication is not required when
    33                           ;        this file is used in an embedded application.
    34                           ; 
    35                           ;     3. Microchip's name may not be used to endorse or promote products derived from th
      +                          is
    36                           ;        software without specific prior written permission.
    37                           ; 
    38                           ; THIS SOFTWARE IS PROVIDED BY MICROCHIP "AS IS" AND ANY EXPRESS OR IMPLIED WARRANTIES,
    39                           ; INCLUDING, BUT NOT LIMITED TO, THE IMPLIED WARRANTIES OF MERCHANTABILITY AND FITNESS F
      +                          OR
    40                           ; PURPOSE ARE DISCLAIMED.  IN NO EVENT SHALL MICROCHIP BE LIABLE FOR ANY DIRECT, INDIREC
      +                          T,
    41                           ; INCIDENTAL, SPECIAL, EXEMPLARY, OR CONSEQUENTIAL DAMAGES (INCLUDING BUT NOT LIMITED TO
    42                           ; PROCUREMENT OF SUBSTITUTE GOODS OR SERVICES; LOSS OF USE, DATA OR PROFITS; OR BUSINESS
    43                           ; INTERRUPTION) HOWSOEVER CAUSED AND ON ANY THEORY OF LIABILITY, WHETHER IN CONTRACT, ST
      +                          RICT
    44                           ; LIABILITY, OR TORT (INCLUDING NEGLIGENCE OR OTHERWISE) ARISING IN ANY WAY OUT OF THE U
      +                          SE OF
    45                           ; THIS SOFTWARE, EVEN IF ADVISED OF THE POSSIBILITY OF SUCH DAMAGE.
    46                           ; 
    47                           ; 
    48                           ; Code-generator required, PIC16F628A Definitions
    49                           ; 
    50                           ; SFR Addresses
    51     0004                     fsr             equ	4
    52     0004                     fsr0            equ	4
    53     0000                     indf            equ	0
    54     0000                     indf0           equ	0
    55     0002                     pc              equ	2
    56     0002                     pcl             equ	2
    57     000A                     pclath          equ	10
    58     0003                     status          equ	3
    59     0000                     INDF            equ	0	;# 
    60     0001                     TMR0            equ	1	;# 
    61     0002                     PCL             equ	2	;# 
    62     0003                     STATUS          equ	3	;# 
    63     0004                     FSR             equ	4	;# 
    64     0005                     PORTA           equ	5	;# 
    65     0006                     PORTB           equ	6	;# 
    66     000A                     PCLATH          equ	10	;# 
    67     000B                     INTCON          equ	11	;# 
    68     000C                     PIR1            equ	12	;# 
    69     000E                     TMR1            equ	14	;# 
    70     000E                     TMR1L           equ	14	;# 
    71     000F                     TMR1H           equ	15	;# 
    72     0010                     T1CON           equ	16	;# 
    73     0011                     TMR2            equ	17	;# 
    74     0012                     T2CON           equ	18	;# 
    75     0015                     CCPR1           equ	21	;# 
    76     0015                     CCPR1L          equ	21	;# 
    77     0016                     CCPR1H          equ	22	;# 
    78     0017                     CCP1CON         equ	23	;# 
    79     0018                     RCSTA           equ	24	;# 
    80     0019                     TXREG           equ	25	;# 
    81     001A                     RCREG           equ	26	;# 
    82     001F                     CMCON           equ	31	;# 
    83     0081                     OPTION_REG      equ	129	;# 
    84     0085                     TRISA           equ	133	;# 
    85     0086                     TRISB           equ	134	;# 
    86     008C                     PIE1            equ	140	;# 
    87     008E                     PCON            equ	142	;# 
    88     0092                     PR2             equ	146	;# 
    89     0098                     TXSTA           equ	152	;# 
    90     0099                     SPBRG           equ	153	;# 
    91     009A                     EEDATA          equ	154	;# 
    92     009B                     EEADR           equ	155	;# 
    93     009C                     EECON1          equ	156	;# 
    94     009D                     EECON2          equ	157	;# 
    95     009F                     VRCON           equ	159	;# 
    96     0000                     INDF            equ	0	;# 
    97     0001                     TMR0            equ	1	;# 
    98     0002                     PCL             equ	2	;# 
    99     0003                     STATUS          equ	3	;# 
   100     0004                     FSR             equ	4	;# 
   101     0005                     PORTA           equ	5	;# 
   102     0006                     PORTB           equ	6	;# 
   103     000A                     PCLATH          equ	10	;# 
   104     000B                     INTCON          equ	11	;# 
   105     000C                     PIR1            equ	12	;# 
   106     000E                     TMR1            equ	14	;# 
   107     000E                     TMR1L           equ	14	;# 
   108     000F                     TMR1H           equ	15	;# 
   109     0010                     T1CON           equ	16	;# 
   110     0011                     TMR2            equ	17	;# 
   111     0012                     T2CON           equ	18	;# 
   112     0015                     CCPR1           equ	21	;# 
   113     0015                     CCPR1L          equ	21	;# 
   114     0016                     CCPR1H          equ	22	;# 
   115     0017                     CCP1CON         equ	23	;# 
   116     0018                     RCSTA           equ	24	;# 
   117     0019                     TXREG           equ	25	;# 
   118     001A                     RCREG           equ	26	;# 
   119     001F                     CMCON           equ	31	;# 
   120     0081                     OPTION_REG      equ	129	;# 
   121     0085                     TRISA           equ	133	;# 
   122     0086                     TRISB           equ	134	;# 
   123     008C                     PIE1            equ	140	;# 
   124     008E                     PCON            equ	142	;# 
   125     0092                     PR2             equ	146	;# 
   126     0098                     TXSTA           equ	152	;# 
   127     0099                     SPBRG           equ	153	;# 
   128     009A                     EEDATA          equ	154	;# 
   129     009B                     EEADR           equ	155	;# 
   130     009C                     EECON1          equ	156	;# 
   131     009D                     EECON2          equ	157	;# 
   132     009F                     VRCON           equ	159	;# 
   133                           
   134                           	psect	idataCOMMON
   135     0111                     __pidataCOMMON:
   136                           
   137                           ;initializer for _porte_etat
   138     0111  3401               	retlw	1
   139                           
   140                           ;initializer for _etat_relais
   141     0112  3401               	retlw	1
   142     0001                     _TMR0           set	1
   143     001F                     _CMCON          set	31
   144     0028                     _RA0            set	40
   145     0030                     _RB0            set	48
   146     0032                     _RB2            set	50
   147     0031                     _RB1            set	49
   148     0035                     _RB5            set	53
   149     0034                     _RB4            set	52
   150     005F                     _GIE            set	95
   151     005C                     _INTE           set	92
   152     005D                     _T0IE           set	93
   153     0059                     _INTF           set	89
   154     005A                     _T0IF           set	90
   155     0033                     _RB3            set	51
   156     0081                     _OPTION_REGbits set	129
   157     0086                     _TRISB          set	134
   158     0085                     _TRISAbits      set	133
   159                           
   160                           	psect	cinit
   161     000B                     start_initialization:	
   162                           ; #config settings
   163                           
   164     000B                     __initialization:
   165                           
   166                           ; Initialize objects allocated to COMMON
   167     000B  2111               	fcall	__pidataCOMMON	;fetch initializer
   168     000C  00FC               	movwf	__pdataCOMMON& (0+127)
   169     000D  2112               	fcall	__pidataCOMMON+1	;fetch initializer
   170     000E  00FD               	movwf	(__pdataCOMMON+1)& (0+127)
   171                           
   172                           ; Clear objects allocated to COMMON
   173     000F  01F7               	clrf	__pbssCOMMON& (0+127)
   174     0010  01F8               	clrf	(__pbssCOMMON+1)& (0+127)
   175     0011  01F9               	clrf	(__pbssCOMMON+2)& (0+127)
   176     0012  01FA               	clrf	(__pbssCOMMON+3)& (0+127)
   177     0013  01FB               	clrf	(__pbssCOMMON+4)& (0+127)
   178     0014                     end_of_initialization:	
   179                           ;End of C runtime variable initialization code
   180                           
   181     0014                     __end_of__initialization:
   182     0014  0183               	clrf	3
   183     0015  2816               	ljmp	_main	;jump to C main() function
   184                           
   185                           	psect	bssCOMMON
   186     0077                     __pbssCOMMON:
   187     0077                     _etat_jour:
   188     0077                     	ds	1
   189     0078                     _flag_bouton:
   190     0078                     	ds	1
   191     0079                     _flag_sec:
   192     0079                     	ds	1
   193     007A                     _sec:
   194     007A                     	ds	1
   195     007B                     _tmr:
   196     007B                     	ds	1
   197                           
   198                           	psect	dataCOMMON
   199     007C                     __pdataCOMMON:
   200     007C                     _porte_etat:
   201     007C                     	ds	1
   202     007D                     _etat_relais:
   203     007D                     	ds	1
   204                           
   205                           	psect	cstackCOMMON
   206     0070                     __pcstackCOMMON:
   207     0070                     ?_servo_open:
   208     0070                     ?_servo_close:	
   209                           ; 1 bytes @ 0x0
   210                           
   211     0070                     ?_isr:	
   212                           ; 1 bytes @ 0x0
   213                           
   214     0070                     ?_main:	
   215                           ; 1 bytes @ 0x0
   216                           
   217     0070                     ??_isr:	
   218                           ; 1 bytes @ 0x0
   219                           
   220                           
   221                           ; 1 bytes @ 0x0
   222     0070                     	ds	2
   223     0072                     ??_servo_open:
   224     0072                     ??_servo_close:	
   225                           ; 1 bytes @ 0x2
   226                           
   227                           
   228                           ; 1 bytes @ 0x2
   229     0072                     	ds	2
   230     0074                     servo_open@i:
   231     0074                     servo_close@i:	
   232                           ; 1 bytes @ 0x4
   233                           
   234                           
   235                           ; 1 bytes @ 0x4
   236     0074                     	ds	1
   237     0075                     ??_main:
   238                           
   239                           ; 1 bytes @ 0x5
   240     0075                     	ds	2
   241                           
   242                           	psect	maintext
   243     0016                     __pmaintext:	
   244 ;;
   245 ;;Main: autosize = 0, tempsize = 2, incstack = 0, save=0
   246 ;;
   247 ;; *************** function _main *****************
   248 ;; Defined at:
   249 ;;		line 61 in file "main.c"
   250 ;; Parameters:    Size  Location     Type
   251 ;;		None
   252 ;; Auto vars:     Size  Location     Type
   253 ;;		None
   254 ;; Return value:  Size  Location     Type
   255 ;;                  1    wreg      void 
   256 ;; Registers used:
   257 ;;		wreg, status,2, status,0, pclath, cstack
   258 ;; Tracked objects:
   259 ;;		On entry : B00/0
   260 ;;		On exit  : 0/0
   261 ;;		Unchanged: 0/0
   262 ;; Data sizes:     COMMON   BANK0   BANK1   BANK2
   263 ;;      Params:         0       0       0       0
   264 ;;      Locals:         0       0       0       0
   265 ;;      Temps:          2       0       0       0
   266 ;;      Totals:         2       0       0       0
   267 ;;Total ram usage:        2 bytes
   268 ;; Hardware stack levels required when called: 2
   269 ;; This function calls:
   270 ;;		_servo_close
   271 ;;		_servo_open
   272 ;; This function is called by:
   273 ;;		Startup code after reset
   274 ;; This function uses a non-reentrant model
   275 ;;
   276                           
   277     0016                     _main:	
   278                           ;psect for function _main
   279                           
   280     0016                     l694:	
   281                           ;incstack = 0
   282                           ; Regs used in _main: [wreg+status,2+status,0+pclath+cstack]
   283                           
   284                           
   285                           ;main.c: 62:     CMCON = 0x07;
   286     0016  3007               	movlw	7
   287     0017  1283               	bcf	3,5	;RP0=0, select bank0
   288     0018  1303               	bcf	3,6	;RP1=0, select bank0
   289     0019  009F               	movwf	31	;volatile
   290                           
   291                           ;main.c: 64:     TRISAbits.TRISA0 = 1;
   292     001A  1683               	bsf	3,5	;RP0=1, select bank1
   293     001B  1303               	bcf	3,6	;RP1=0, select bank1
   294     001C  1405               	bsf	5,0	;volatile
   295                           
   296                           ;main.c: 65:     TRISB = 0b00000001;
   297     001D  3001               	movlw	1
   298     001E  0086               	movwf	6	;volatile
   299                           
   300                           ;main.c: 67:     OPTION_REGbits.nRBPU = 0;
   301     001F  1381               	bcf	1,7	;volatile
   302                           
   303                           ;main.c: 68:     OPTION_REGbits.T0CS = 0;
   304     0020  1281               	bcf	1,5	;volatile
   305                           
   306                           ;main.c: 69:     OPTION_REGbits.PSA = 0;
   307     0021  1181               	bcf	1,3	;volatile
   308                           
   309                           ;main.c: 70:     OPTION_REGbits.PS2 = 1;
   310     0022  1501               	bsf	1,2	;volatile
   311                           
   312                           ;main.c: 71:     OPTION_REGbits.PS1 = 1;
   313     0023  1481               	bsf	1,1	;volatile
   314                           
   315                           ;main.c: 72:     OPTION_REGbits.PS0 = 1;
   316     0024  1401               	bsf	1,0	;volatile
   317     0025                     l696:
   318                           
   319                           ;main.c: 74:     TMR0 = 0; T0IF = 0; T0IE = 1;
   320     0025  1283               	bcf	3,5	;RP0=0, select bank0
   321     0026  1303               	bcf	3,6	;RP1=0, select bank0
   322     0027  0181               	clrf	1	;volatile
   323     0028                     l698:
   324     0028  110B               	bcf	11,2	;volatile
   325     0029                     l700:
   326     0029  168B               	bsf	11,5	;volatile
   327     002A                     l702:
   328                           
   329                           ;main.c: 75:     INTE = 1; INTF = 0;
   330     002A  160B               	bsf	11,4	;volatile
   331     002B                     l704:
   332     002B  108B               	bcf	11,1	;volatile
   333     002C                     l706:
   334                           
   335                           ;main.c: 76:     GIE = 1;
   336     002C  178B               	bsf	11,7	;volatile
   337     002D                     l708:
   338     002D  1206               	bcf	6,4	;volatile
   339     002E                     l710:
   340     002E  1686               	bsf	6,5	;volatile
   341     002F                     l712:
   342     002F  1086               	bcf	6,1	;volatile
   343     0030                     l714:
   344     0030  1506               	bsf	6,2	;volatile
   345     0031                     l716:
   346                           
   347                           ;main.c: 81:     servo_open();
   348     0031  20D1               	fcall	_servo_open
   349     0032                     l718:
   350                           
   351                           ;main.c: 85:         if(flag_sec) {
   352     0032  0879               	movf	_flag_sec,w	;volatile
   353     0033  1903               	btfsc	3,2
   354     0034  2836               	goto	u61
   355     0035  2837               	goto	u60
   356     0036                     u61:
   357     0036  285C               	goto	l734
   358     0037                     u60:
   359     0037                     l720:
   360                           
   361                           ;main.c: 86:             flag_sec = 0;
   362     0037  01F9               	clrf	_flag_sec	;volatile
   363     0038                     l722:
   364                           
   365                           ;main.c: 87:             if(etat_jour) {
   366     0038  0877               	movf	_etat_jour,w
   367     0039  1903               	btfsc	3,2
   368     003A  283C               	goto	u71
   369     003B  283D               	goto	u70
   370     003C                     u71:
   371     003C  285C               	goto	l734
   372     003D                     u70:
   373     003D                     l724:
   374                           
   375                           ;main.c: 88:                 if(etat_relais) {
   376     003D  087D               	movf	_etat_relais,w
   377     003E  1903               	btfsc	3,2
   378     003F  2841               	goto	u81
   379     0040  2842               	goto	u80
   380     0041                     u81:
   381     0041  284F               	goto	l730
   382     0042                     u80:
   383     0042                     l726:
   384                           
   385                           ;main.c: 89:                     if(sec >= 5) {
   386     0042  3005               	movlw	5
   387     0043  027A               	subwf	_sec,w	;volatile
   388     0044  1C03               	skipc
   389     0045  2847               	goto	u91
   390     0046  2848               	goto	u90
   391     0047                     u91:
   392     0047  285C               	goto	l734
   393     0048                     u90:
   394     0048                     l82:	
   395                           ;main.c: 90:                         do { RB1 = 1; RB2 = 0; } while(0);
   396                           
   397     0048  1283               	bcf	3,5	;RP0=0, select bank0
   398     0049  1303               	bcf	3,6	;RP1=0, select bank0
   399     004A  1486               	bsf	6,1	;volatile
   400     004B  1106               	bcf	6,2	;volatile
   401     004C                     l728:
   402                           
   403                           ;main.c: 91:                         etat_relais = 0; sec = 0;
   404     004C  01FD               	clrf	_etat_relais
   405     004D  01FA               	clrf	_sec	;volatile
   406     004E  285C               	goto	l734
   407     004F                     l730:
   408                           
   409                           ;main.c: 94:                     if(sec >= 15) {
   410     004F  300F               	movlw	15
   411     0050  027A               	subwf	_sec,w	;volatile
   412     0051  1C03               	skipc
   413     0052  2854               	goto	u101
   414     0053  2855               	goto	u100
   415     0054                     u101:
   416     0054  285C               	goto	l734
   417     0055                     u100:
   418     0055                     l86:	
   419                           ;main.c: 95:                         do { RB1 = 0; RB2 = 1; } while(0);
   420                           
   421     0055  1283               	bcf	3,5	;RP0=0, select bank0
   422     0056  1303               	bcf	3,6	;RP1=0, select bank0
   423     0057  1086               	bcf	6,1	;volatile
   424     0058  1506               	bsf	6,2	;volatile
   425     0059                     l87:
   426                           
   427                           ;main.c: 96:                         etat_relais = 1; sec = 0;
   428     0059  3001               	movlw	1
   429     005A  00FD               	movwf	_etat_relais
   430     005B                     l732:
   431     005B  01FA               	clrf	_sec	;volatile
   432     005C                     l734:
   433                           
   434                           ;main.c: 103:         if(flag_bouton) {
   435     005C  0878               	movf	_flag_bouton,w	;volatile
   436     005D  1903               	btfsc	3,2
   437     005E  2860               	goto	u111
   438     005F  2861               	goto	u110
   439     0060                     u111:
   440     0060  287C               	goto	l752
   441     0061                     u110:
   442     0061                     l736:
   443                           
   444                           ;main.c: 104:             flag_bouton = 0;
   445     0061  01F8               	clrf	_flag_bouton	;volatile
   446     0062                     l738:
   447                           
   448                           ;main.c: 105:             _delay((unsigned long)((50)*(4000000/4000.0)));
   449     0062  3041               	movlw	65
   450     0063  00F6               	movwf	??_main+1
   451     0064  30EE               	movlw	238
   452     0065  00F5               	movwf	??_main
   453     0066                     u197:
   454     0066  0BF5               	decfsz	??_main,f
   455     0067  2866               	goto	u197
   456     0068  0BF6               	decfsz	??_main+1,f
   457     0069  2866               	goto	u197
   458     006A  0000               	nop
   459     006B                     l740:
   460                           
   461                           ;main.c: 106:             if(RB0 == 0) {
   462     006B  1283               	bcf	3,5	;RP0=0, select bank0
   463     006C  1303               	bcf	3,6	;RP1=0, select bank0
   464     006D  1806               	btfsc	6,0	;volatile
   465     006E  2870               	goto	u121
   466     006F  2871               	goto	u120
   467     0070                     u121:
   468     0070  287C               	goto	l752
   469     0071                     u120:
   470     0071                     l742:
   471                           
   472                           ;main.c: 107:                 if(porte_etat) { servo_close(); porte_etat = 0; }
   473     0071  087C               	movf	_porte_etat,w
   474     0072  1903               	btfsc	3,2
   475     0073  2875               	goto	u131
   476     0074  2876               	goto	u130
   477     0075                     u131:
   478     0075  2879               	goto	l748
   479     0076                     u130:
   480     0076                     l744:
   481     0076  20B0               	fcall	_servo_close
   482     0077                     l746:
   483     0077  01FC               	clrf	_porte_etat
   484     0078  287C               	goto	l752
   485     0079                     l748:
   486     0079  20D1               	fcall	_servo_open
   487     007A                     l750:
   488     007A  3001               	movlw	1
   489     007B  00FC               	movwf	_porte_etat
   490     007C                     l752:
   491                           
   492                           ;main.c: 113:         if(RA0 == 0 && etat_jour == 0) {
   493     007C  1283               	bcf	3,5	;RP0=0, select bank0
   494     007D  1303               	bcf	3,6	;RP1=0, select bank0
   495     007E  1805               	btfsc	5,0	;volatile
   496     007F  2881               	goto	u141
   497     0080  2882               	goto	u140
   498     0081                     u141:
   499     0081  289C               	goto	l92
   500     0082                     u140:
   501     0082                     l754:
   502     0082  0877               	movf	_etat_jour,w
   503     0083  1D03               	btfss	3,2
   504     0084  2886               	goto	u151
   505     0085  2887               	goto	u150
   506     0086                     u151:
   507     0086  289C               	goto	l92
   508     0087                     u150:
   509     0087                     l756:
   510                           
   511                           ;main.c: 114:             etat_jour = 1;
   512     0087  3001               	movlw	1
   513     0088  00F7               	movwf	_etat_jour
   514     0089                     l93:	
   515                           ;main.c: 115:             do { RB4 = 0; RB5 = 1; } while(0);
   516                           
   517     0089  1206               	bcf	6,4	;volatile
   518     008A  1686               	bsf	6,5	;volatile
   519     008B                     l758:
   520                           
   521                           ;main.c: 116:             if(!porte_etat) { servo_open(); porte_etat = 1; }
   522     008B  087C               	movf	_porte_etat,w
   523     008C  1D03               	btfss	3,2
   524     008D  288F               	goto	u161
   525     008E  2890               	goto	u160
   526     008F                     u161:
   527     008F  2893               	goto	l764
   528     0090                     u160:
   529     0090                     l760:
   530     0090  20D1               	fcall	_servo_open
   531     0091                     l762:
   532     0091  3001               	movlw	1
   533     0092  00FC               	movwf	_porte_etat
   534     0093                     l764:
   535                           
   536                           ;main.c: 117:             sec = 0; tmr = 0;
   537     0093  01FA               	clrf	_sec	;volatile
   538     0094                     l766:
   539     0094  01FB               	clrf	_tmr	;volatile
   540     0095                     l768:
   541     0095  1283               	bcf	3,5	;RP0=0, select bank0
   542     0096  1303               	bcf	3,6	;RP1=0, select bank0
   543     0097  1086               	bcf	6,1	;volatile
   544     0098                     l770:
   545     0098  1506               	bsf	6,2	;volatile
   546     0099                     l772:
   547     0099  3001               	movlw	1
   548     009A  00FD               	movwf	_etat_relais
   549                           
   550                           ;main.c: 119:         }
   551     009B  2832               	goto	l718
   552     009C                     l92:	
   553                           ;main.c: 120:         else if(RA0 == 1 && etat_jour == 1) {
   554                           
   555     009C  1C05               	btfss	5,0	;volatile
   556     009D  289F               	goto	u171
   557     009E  28A0               	goto	u170
   558     009F                     u171:
   559     009F  2832               	goto	l718
   560     00A0                     u170:
   561     00A0                     l774:
   562     00A0  0377               	decf	_etat_jour,w
   563     00A1  1D03               	btfss	3,2
   564     00A2  28A4               	goto	u181
   565     00A3  28A5               	goto	u180
   566     00A4                     u181:
   567     00A4  2832               	goto	l718
   568     00A5                     u180:
   569     00A5                     l776:
   570                           
   571                           ;main.c: 121:             etat_jour = 0;
   572     00A5  01F7               	clrf	_etat_jour
   573     00A6                     l778:
   574     00A6  1606               	bsf	6,4	;volatile
   575     00A7                     l780:
   576     00A7  1286               	bcf	6,5	;volatile
   577     00A8                     l782:
   578                           
   579                           ;main.c: 123:             servo_close(); porte_etat = 0;
   580     00A8  20B0               	fcall	_servo_close
   581     00A9                     l784:
   582     00A9  01FC               	clrf	_porte_etat
   583     00AA                     l786:
   584     00AA  1283               	bcf	3,5	;RP0=0, select bank0
   585     00AB  1303               	bcf	3,6	;RP1=0, select bank0
   586     00AC  1486               	bsf	6,1	;volatile
   587     00AD                     l788:
   588     00AD  1106               	bcf	6,2	;volatile
   589     00AE  2832               	goto	l718
   590     00AF  280A               	ljmp	start
   591     00B0                     __end_of_main:
   592                           
   593                           	psect	text1
   594     00D1                     __ptext1:	
   595 ;; *************** function _servo_open *****************
   596 ;; Defined at:
   597 ;;		line 28 in file "main.c"
   598 ;; Parameters:    Size  Location     Type
   599 ;;		None
   600 ;; Auto vars:     Size  Location     Type
   601 ;;  i               1    4[COMMON] unsigned char 
   602 ;; Return value:  Size  Location     Type
   603 ;;                  1    wreg      void 
   604 ;; Registers used:
   605 ;;		wreg, status,2, status,0
   606 ;; Tracked objects:
   607 ;;		On entry : 0/0
   608 ;;		On exit  : 0/0
   609 ;;		Unchanged: 0/0
   610 ;; Data sizes:     COMMON   BANK0   BANK1   BANK2
   611 ;;      Params:         0       0       0       0
   612 ;;      Locals:         1       0       0       0
   613 ;;      Temps:          2       0       0       0
   614 ;;      Totals:         3       0       0       0
   615 ;;Total ram usage:        3 bytes
   616 ;; Hardware stack levels used: 1
   617 ;; Hardware stack levels required when called: 1
   618 ;; This function calls:
   619 ;;		Nothing
   620 ;; This function is called by:
   621 ;;		_main
   622 ;; This function uses a non-reentrant model
   623 ;;
   624                           
   625     00D1                     _servo_open:	
   626                           ;psect for function _servo_open
   627                           
   628     00D1                     l650:	
   629                           ;incstack = 0
   630                           ; Regs used in _servo_open: [wreg+status,2+status,0]
   631                           
   632                           
   633                           ;main.c: 29:     unsigned char i;;main.c: 30:     for(i = 0; i < 50; i++) {
   634     00D1  01F4               	clrf	servo_open@i
   635     00D2                     l53:
   636                           
   637                           ;main.c: 31:         RB3 = 1; _delay((unsigned long)((1000)*(4000000/4000000.0)));
   638     00D2  1283               	bcf	3,5	;RP0=0, select bank0
   639     00D3  1303               	bcf	3,6	;RP1=0, select bank0
   640     00D4  1586               	bsf	6,3	;volatile
   641     00D5                     l656:
   642     00D5  30C7               	movlw	199
   643     00D6  00F2               	movwf	??_servo_open
   644     00D7                     u207:
   645     00D7  28D8               	nop2
   646     00D8  0BF2               	decfsz	??_servo_open,f
   647     00D9  28D7               	goto	u207
   648     00DA  28DB               	nop2
   649     00DB  28DC               	nop2
   650     00DC                     l658:
   651                           
   652                           ;main.c: 32:         RB3 = 0; _delay((unsigned long)((19)*(4000000/4000.0)));
   653     00DC  1283               	bcf	3,5	;RP0=0, select bank0
   654     00DD  1303               	bcf	3,6	;RP1=0, select bank0
   655     00DE  1186               	bcf	6,3	;volatile
   656     00DF  3019               	movlw	25
   657     00E0  00F3               	movwf	??_servo_open+1
   658     00E1  30AB               	movlw	171
   659     00E2  00F2               	movwf	??_servo_open
   660     00E3                     u217:
   661     00E3  0BF2               	decfsz	??_servo_open,f
   662     00E4  28E3               	goto	u217
   663     00E5  0BF3               	decfsz	??_servo_open+1,f
   664     00E6  28E3               	goto	u217
   665     00E7  28E8               	nop2
   666     00E8                     l660:
   667                           
   668                           ;main.c: 33:     }
   669     00E8  3001               	movlw	1
   670     00E9  07F4               	addwf	servo_open@i,f
   671     00EA                     l662:
   672     00EA  3032               	movlw	50
   673     00EB  0274               	subwf	servo_open@i,w
   674     00EC  1C03               	skipc
   675     00ED  28EF               	goto	u11
   676     00EE  28F0               	goto	u10
   677     00EF                     u11:
   678     00EF  28D2               	goto	l53
   679     00F0                     u10:
   680     00F0                     l55:
   681     00F0  0008               	return
   682     00F1                     __end_of_servo_open:
   683                           
   684                           	psect	text2
   685     00B0                     __ptext2:	
   686 ;; *************** function _servo_close *****************
   687 ;; Defined at:
   688 ;;		line 36 in file "main.c"
   689 ;; Parameters:    Size  Location     Type
   690 ;;		None
   691 ;; Auto vars:     Size  Location     Type
   692 ;;  i               1    4[COMMON] unsigned char 
   693 ;; Return value:  Size  Location     Type
   694 ;;                  1    wreg      void 
   695 ;; Registers used:
   696 ;;		wreg, status,2, status,0
   697 ;; Tracked objects:
   698 ;;		On entry : 0/0
   699 ;;		On exit  : 0/0
   700 ;;		Unchanged: 0/0
   701 ;; Data sizes:     COMMON   BANK0   BANK1   BANK2
   702 ;;      Params:         0       0       0       0
   703 ;;      Locals:         1       0       0       0
   704 ;;      Temps:          2       0       0       0
   705 ;;      Totals:         3       0       0       0
   706 ;;Total ram usage:        3 bytes
   707 ;; Hardware stack levels used: 1
   708 ;; Hardware stack levels required when called: 1
   709 ;; This function calls:
   710 ;;		Nothing
   711 ;; This function is called by:
   712 ;;		_main
   713 ;; This function uses a non-reentrant model
   714 ;;
   715                           
   716     00B0                     _servo_close:	
   717                           ;psect for function _servo_close
   718                           
   719     00B0                     l664:	
   720                           ;incstack = 0
   721                           ; Regs used in _servo_close: [wreg+status,2+status,0]
   722                           
   723                           
   724                           ;main.c: 37:     unsigned char i;;main.c: 38:     for(i = 0; i < 50; i++) {
   725     00B0  01F4               	clrf	servo_close@i
   726     00B1                     l58:
   727                           
   728                           ;main.c: 39:         RB3 = 1; _delay((unsigned long)((2000)*(4000000/4000000.0)));
   729     00B1  1283               	bcf	3,5	;RP0=0, select bank0
   730     00B2  1303               	bcf	3,6	;RP1=0, select bank0
   731     00B3  1586               	bsf	6,3	;volatile
   732     00B4                     l670:
   733     00B4  3003               	movlw	3
   734     00B5  00F3               	movwf	??_servo_close+1
   735     00B6  3097               	movlw	151
   736     00B7  00F2               	movwf	??_servo_close
   737     00B8                     u227:
   738     00B8  0BF2               	decfsz	??_servo_close,f
   739     00B9  28B8               	goto	u227
   740     00BA  0BF3               	decfsz	??_servo_close+1,f
   741     00BB  28B8               	goto	u227
   742     00BC  28BD               	nop2
   743     00BD                     l672:
   744                           
   745                           ;main.c: 40:         RB3 = 0; _delay((unsigned long)((18)*(4000000/4000.0)));
   746     00BD  1283               	bcf	3,5	;RP0=0, select bank0
   747     00BE  1303               	bcf	3,6	;RP1=0, select bank0
   748     00BF  1186               	bcf	6,3	;volatile
   749     00C0  3018               	movlw	24
   750     00C1  00F3               	movwf	??_servo_close+1
   751     00C2  305F               	movlw	95
   752     00C3  00F2               	movwf	??_servo_close
   753     00C4                     u237:
   754     00C4  0BF2               	decfsz	??_servo_close,f
   755     00C5  28C4               	goto	u237
   756     00C6  0BF3               	decfsz	??_servo_close+1,f
   757     00C7  28C4               	goto	u237
   758     00C8                     l674:
   759                           
   760                           ;main.c: 41:     }
   761     00C8  3001               	movlw	1
   762     00C9  07F4               	addwf	servo_close@i,f
   763     00CA                     l676:
   764     00CA  3032               	movlw	50
   765     00CB  0274               	subwf	servo_close@i,w
   766     00CC  1C03               	skipc
   767     00CD  28CF               	goto	u21
   768     00CE  28D0               	goto	u20
   769     00CF                     u21:
   770     00CF  28B1               	goto	l58
   771     00D0                     u20:
   772     00D0                     l60:
   773     00D0  0008               	return
   774     00D1                     __end_of_servo_close:
   775                           
   776                           	psect	text3
   777     00F1                     __ptext3:	
   778 ;; *************** function _isr *****************
   779 ;; Defined at:
   780 ;;		line 45 in file "main.c"
   781 ;; Parameters:    Size  Location     Type
   782 ;;		None
   783 ;; Auto vars:     Size  Location     Type
   784 ;;		None
   785 ;; Return value:  Size  Location     Type
   786 ;;                  1    wreg      void 
   787 ;; Registers used:
   788 ;;		wreg, status,2, status,0
   789 ;; Tracked objects:
   790 ;;		On entry : 0/0
   791 ;;		On exit  : 0/0
   792 ;;		Unchanged: 0/0
   793 ;; Data sizes:     COMMON   BANK0   BANK1   BANK2
   794 ;;      Params:         0       0       0       0
   795 ;;      Locals:         0       0       0       0
   796 ;;      Temps:          2       0       0       0
   797 ;;      Totals:         2       0       0       0
   798 ;;Total ram usage:        2 bytes
   799 ;; Hardware stack levels used: 1
   800 ;; This function calls:
   801 ;;		Nothing
   802 ;; This function is called by:
   803 ;;		Interrupt level 1
   804 ;; This function uses a non-reentrant model
   805 ;;
   806                           
   807     00F1                     _isr:	
   808                           ;psect for function _isr
   809                           
   810     00F1                     i1l678:
   811                           
   812                           ;main.c: 46:     if(T0IF) {
   813     00F1  1D0B               	btfss	11,2	;volatile
   814     00F2  28F4               	goto	u3_21
   815     00F3  28F5               	goto	u3_20
   816     00F4                     u3_21:
   817     00F4  2903               	goto	i1l690
   818     00F5                     u3_20:
   819     00F5                     i1l680:
   820                           
   821                           ;main.c: 47:         T0IF = 0;
   822     00F5  110B               	bcf	11,2	;volatile
   823     00F6                     i1l682:
   824                           
   825                           ;main.c: 48:         if(++tmr >= 16) {
   826     00F6  3001               	movlw	1
   827     00F7  07FB               	addwf	_tmr,f	;volatile
   828     00F8  3010               	movlw	16
   829     00F9  027B               	subwf	_tmr,w	;volatile
   830     00FA  1C03               	skipc
   831     00FB  28FD               	goto	u4_21
   832     00FC  28FE               	goto	u4_20
   833     00FD                     u4_21:
   834     00FD  2903               	goto	i1l690
   835     00FE                     u4_20:
   836     00FE                     i1l684:
   837                           
   838                           ;main.c: 49:             tmr = 0;
   839     00FE  01FB               	clrf	_tmr	;volatile
   840     00FF                     i1l686:
   841                           
   842                           ;main.c: 50:             sec++;
   843     00FF  3001               	movlw	1
   844     0100  07FA               	addwf	_sec,f	;volatile
   845     0101                     i1l688:
   846                           
   847                           ;main.c: 51:             flag_sec = 1;
   848     0101  3001               	movlw	1
   849     0102  00F9               	movwf	_flag_sec	;volatile
   850     0103                     i1l690:
   851                           
   852                           ;main.c: 54:     if(INTF) {
   853     0103  1C8B               	btfss	11,1	;volatile
   854     0104  2906               	goto	u5_21
   855     0105  2907               	goto	u5_20
   856     0106                     u5_21:
   857     0106  290A               	goto	i1l68
   858     0107                     u5_20:
   859     0107                     i1l692:
   860                           
   861                           ;main.c: 55:         INTF = 0;
   862     0107  108B               	bcf	11,1	;volatile
   863                           
   864                           ;main.c: 56:         flag_bouton = 1;
   865     0108  3001               	movlw	1
   866     0109  00F8               	movwf	_flag_bouton	;volatile
   867     010A                     i1l68:
   868     010A  0871               	movf	??_isr+1,w
   869     010B  008A               	movwf	10
   870     010C  0E70               	swapf	??_isr,w
   871     010D  0083               	movwf	3
   872     010E  0EFE               	swapf	btemp,f
   873     010F  0E7E               	swapf	btemp,w
   874     0110  0009               	retfie
   875     0111                     __end_of_isr:
   876     0000                     ___latbits      equ	0
   877     007E                     btemp           set	126	;btemp
   878     007E                     btemp0          set	126
   879     007F                     btemp1          set	127
   880     007E                     wtemp0          set	126
   881     007F                     wtemp0a         set	127
   882     007F                     ttemp0a         set	127
   883     0080                     ltemp0a         set	128
   884                           
   885                           	psect	intentry
   886     0004                     __pintentry:	
   887                           ;incstack = 0
   888                           ; Regs used in _isr: [wreg+status,2+status,0]
   889                           
   890     0004                     interrupt_function:
   891     007E                     saved_w         set	btemp
   892     0004  00FE               	movwf	btemp
   893     0005  0E03               	swapf	3,w
   894     0006  00F0               	movwf	??_isr
   895     0007  080A               	movf	10,w
   896     0008  00F1               	movwf	??_isr+1
   897     0009  28F1               	ljmp	_isr
   898                           
   899                           	psect	config
   900                           
   901                           ;Config register CONFIG @ 0x2007
   902                           ;	Oscillator Selection bits
   903                           ;	FOSC = INTOSCIO, INTOSC oscillator: I/O function on RA6/OSC2/CLKOUT pin, I/O function 
      +                          on RA7/OSC1/CLKIN
   904                           ;	Watchdog Timer Enable bit
   905                           ;	WDTE = OFF, WDT disabled
   906                           ;	Power-up Timer Enable bit
   907                           ;	PWRTE = ON, PWRT enabled
   908                           ;	RA5/MCLR/VPP Pin Function Select bit
   909                           ;	MCLRE = OFF, RA5/MCLR/VPP pin function is digital input, MCLR internally tied to VDD
   910                           ;	Brown-out Detect Enable bit
   911                           ;	BOREN = ON, BOD enabled
   912                           ;	Low-Voltage Programming Enable bit
   913                           ;	LVP = OFF, RB4/PGM pin has digital I/O function, HV on MCLR must be used for programmi
      +                          ng
   914                           ;	Data EE Memory Code Protection bit
   915                           ;	CPD = OFF, Data memory code protection off
   916                           ;	Flash Program Memory Code Protection bit
   917                           ;	CP = OFF, Code protection off
   918     2007                     	org	8199
   919     2007  3F50               	dw	16208

Data Sizes:
    Strings     0
    Constant    0
    Data        2
    BSS         5
    Persistent  0
    Stack       0

Auto Spaces:
    Space          Size  Autos    Used
    COMMON           14      7      14
    BANK0            80      0       0
    BANK1            80      0       0
    BANK2            48      0       0

Pointer List with Targets:

    None.

Critical Paths under _main in COMMON

    _main->_servo_close
    _main->_servo_open

Critical Paths under _isr in COMMON

    None.

Critical Paths under _main in BANK0

    None.

Critical Paths under _isr in BANK0

    None.

Critical Paths under _main in BANK1

    None.

Critical Paths under _isr in BANK1

    None.

Critical Paths under _main in BANK2

    None.

Critical Paths under _isr in BANK2

    None.

Call Graph Tables:

 ---------------------------------------------------------------------------------
 (Depth) Function   	        Calls       Base Space   Used Autos Params    Refs
 ---------------------------------------------------------------------------------
 (0) _main                                                 2     2      0      60
                                              5 COMMON     2     2      0
                        _servo_close
                         _servo_open
 ---------------------------------------------------------------------------------
 (1) _servo_open                                           3     3      0      30
                                              2 COMMON     3     3      0
 ---------------------------------------------------------------------------------
 (1) _servo_close                                          3     3      0      30
                                              2 COMMON     3     3      0
 ---------------------------------------------------------------------------------
 Estimated maximum stack depth 1
 ---------------------------------------------------------------------------------
 (Depth) Function   	        Calls       Base Space   Used Autos Params    Refs
 ---------------------------------------------------------------------------------
 (2) _isr                                                  2     2      0       0
                                              0 COMMON     2     2      0
 ---------------------------------------------------------------------------------
 Estimated maximum stack depth 2
 ---------------------------------------------------------------------------------

 Call Graph Graphs:

 _main (ROOT)
   _servo_close
   _servo_open

 _isr (ROOT)

Address spaces:
Name               Size   Autos  Total    Usage
BANK2               48      0       0      0.0%
BITBANK2            48      0       0      0.0%
BANK1               80      0       0      0.0%
BITBANK1            80      0       0      0.0%
BANK0               80      0       0      0.0%
BITBANK0            80      0       0      0.0%
COMMON              14      7      14    100.0%
BITCOMMON           14      0       0      0.0%
DATA                 0      0      14      0.0%
STACK                0      0       0      0.0%


Microchip Technology PIC Macro Assembler V3.10 build 20250813170317 
Symbol Table                                                                                   Sat Jun 13 00:07:26 2026

                     l60 00D0                       l53 00D2                       l55 00F0  
                     l58 00B1                       l82 0048                       l92 009C  
                     l93 0089                       l86 0055                       l87 0059  
                     u10 00F0                       u11 00EF                       u20 00D0  
                     u21 00CF                       u60 0037                       u61 0036  
                     u70 003D                       u71 003C                       u80 0042  
                     u81 0041                       u90 0048                       u91 0047  
                    l700 0029                      l710 002E                      l702 002A  
                    l720 0037                      l712 002F                      l704 002B  
                    l650 00D1                      l730 004F                      l722 0038  
                    l714 0030                      l706 002C                      l660 00E8  
                    l740 006B                      l732 005B                      l724 003D  
                    l716 0031                      l708 002D                      l670 00B4  
                    l662 00EA                      l750 007A                      l742 0071  
                    l726 0042                      l734 005C                      l718 0032  
                    l672 00BD                      l664 00B0                      l656 00D5  
                    l760 0090                      l744 0076                      l736 0061  
                    l752 007C                      l728 004C                      l674 00C8  
                    l658 00DC                      l770 0098                      l762 0091  
                    l754 0082                      l746 0077                      l738 0062  
                    l676 00CA                      l780 00A7                      l772 0099  
                    l764 0093                      l756 0087                      l748 0079  
                    l782 00A8                      l774 00A0                      l766 0094  
                    l758 008B                      l694 0016                      l784 00A9  
                    l776 00A5                      l768 0095                      l696 0025  
                    l786 00AA                      l778 00A6                      l698 0028  
                    l788 00AD                      _GIE 005F                      _RA0 0028  
                    _RB0 0030                      _RB1 0031                      _RB2 0032  
                    _RB3 0033                      _RB4 0034                      _RB5 0035  
                    u100 0055                      u101 0054                      u110 0061  
                    u111 0060                      u120 0071                      u121 0070  
                    u130 0076                      u131 0075                      u140 0082  
                    u141 0081                      u150 0087                      u207 00D7  
                    u151 0086                      u160 0090                      u217 00E3  
                    u161 008F                      u170 00A0                      u227 00B8  
                    u171 009F                      u180 00A5                      u237 00C4  
                    u181 00A4                      u197 0066             servo_close@i 0074  
                    _sec 007A                      _isr 00F1                      _tmr 007B  
                   ?_isr 0070                     _T0IE 005D                     _T0IF 005A  
                   _INTE 005C                     _INTF 0059                     i1l68 010A  
                   _TMR0 0001                     u3_20 00F5                     u3_21 00F4  
                   u4_20 00FE                     u4_21 00FD                     u5_20 0107  
                   u5_21 0106                     _main 0016                     btemp 007E  
                   start 000A                    ??_isr 0070                    ?_main 0070  
                  _CMCON 001F                    i1l680 00F5                    i1l682 00F6  
                  i1l690 0103                    i1l692 0107                    i1l684 00FE  
                  i1l686 00FF                    i1l678 00F1                    i1l688 0101  
                  _TRISB 0086                    btemp0 007E                    btemp1 007F  
                  pclath 000A                    status 0003                    wtemp0 007E  
        __initialization 000B             __end_of_main 00B0                   ??_main 0075  
           __pdataCOMMON 007C                   ltemp0a 0080                   saved_w 007E  
                 ttemp0a 007F             ?_servo_close 0070                   wtemp0a 007F  
__end_of__initialization 0014           __pcstackCOMMON 0070           _OPTION_REGbits 0081  
             __pmaintext 0016               __pintentry 0004                  __ptext1 00D1  
                __ptext2 00B0                  __ptext3 00F1     end_of_initialization 0014  
             _servo_open 00D1               _porte_etat 007C                _TRISAbits 0085  
            servo_open@i 0074            __pidataCOMMON 0111      start_initialization 000B  
            __end_of_isr 0111              ?_servo_open 0070              __pbssCOMMON 0077  
              ___latbits 0000                _etat_jour 0077              _flag_bouton 0078  
      interrupt_function 0004            ??_servo_close 0072              _etat_relais 007D  
               _flag_sec 0079      __end_of_servo_close 00D1             ??_servo_open 0072  
               intlevel1 0000       __end_of_servo_open 00F1              _servo_close 00B0  
